<?xml version="1.0" encoding="UTF-8"?>
<!-- Generated by org.testng.reporters.JUnitReportReporter -->
<testsuite hostname="DESKTOP-3N8OHH5" failures="0" tests="1" name="com.foodnow.tests.CartNegativeTest" time="8.169" errors="0" timestamp="2025-01-28T16:36:34 CET" skipped="0">
  <testcase classname="com.foodnow.tests.CartNegativeTest" name="addProductNegativeTest" time="8.169"/>
</testsuite> <!-- com.foodnow.tests.CartNegativeTest -->
