<?xml version="1.0" encoding="UTF-8"?>
<!-- Generated by org.testng.reporters.JUnitReportReporter -->
<testsuite hostname="DESKTOP-3N8OHH5" failures="0" tests="1" name="com.foodnow.tests.LogOutTest" time="10.472" errors="0" timestamp="2025-01-30T11:44:38 CET" skipped="0">
  <testcase classname="com.foodnow.tests.LogOutTest" name="logOutTest" time="10.472"/>
</testsuite> <!-- com.foodnow.tests.LogOutTest -->
