<?xml version="1.0" encoding="UTF-8"?>
<!-- Generated by org.testng.reporters.JUnitReportReporter -->
<testsuite hostname="DESKTOP-3N8OHH5" failures="0" tests="10" name="com.foodnow.tests.RegistrationNegativeTests" time="93.015" errors="0" timestamp="2025-01-28T16:36:34 CET" skipped="0">
  <testcase classname="com.foodnow.tests.RegistrationNegativeTests" name="registrationNegativeTests" time="7.352"/>
  <testcase classname="com.foodnow.tests.RegistrationNegativeTests" name="registrationNegativeTests" time="9.021"/>
  <testcase classname="com.foodnow.tests.RegistrationNegativeTests" name="registrationNegativeTests" time="8.910"/>
  <testcase classname="com.foodnow.tests.RegistrationNegativeTests" name="registrationNegativeTests" time="8.420"/>
  <testcase classname="com.foodnow.tests.RegistrationNegativeTests" name="registrationNegativeTests" time="9.538"/>
  <testcase classname="com.foodnow.tests.RegistrationNegativeTests" name="registrationNegativeTests" time="8.627"/>
  <testcase classname="com.foodnow.tests.RegistrationNegativeTests" name="registrationNegativeTests" time="11.392"/>
  <testcase classname="com.foodnow.tests.RegistrationNegativeTests" name="registrationNegativeTests" time="9.323"/>
  <testcase classname="com.foodnow.tests.RegistrationNegativeTests" name="registrationNegativeTests" time="14.260"/>
  <testcase classname="com.foodnow.tests.RegistrationNegativeTests" name="registrationNegativeTests" time="6.172"/>
</testsuite> <!-- com.foodnow.tests.RegistrationNegativeTests -->
