<?xml version="1.0" encoding="UTF-8"?>
<!-- Generated by org.testng.reporters.JUnitReportReporter -->
<testsuite hostname="DESKTOP-3N8OHH5" failures="0" tests="1" name="com.foodnow.tests.LoginPositiveTest" time="8.952" errors="0" timestamp="2025-01-30T11:44:38 CET" skipped="0">
  <testcase classname="com.foodnow.tests.LoginPositiveTest" name="loginPositiveTest" time="8.952"/>
</testsuite> <!-- com.foodnow.tests.LoginPositiveTest -->
