<?xml version="1.0" encoding="UTF-8"?>
<!-- Generated by org.testng.reporters.JUnitReportReporter -->
<testsuite hostname="DESKTOP-3N8OHH5" failures="0" tests="5" name="com.foodnow.tests.LoginNegativeTests" time="58.837" errors="0" timestamp="2025-01-28T16:36:34 CET" skipped="0">
  <testcase classname="com.foodnow.tests.LoginNegativeTests" name="loginWithEmailWithoutSpecialSymbolTest" time="9.119"/>
  <testcase classname="com.foodnow.tests.LoginNegativeTests" name="loginWithEmptyEmailTest" time="7.153"/>
  <testcase classname="com.foodnow.tests.LoginNegativeTests" name="loginWithInvalidEmailTest" time="12.256"/>
  <testcase classname="com.foodnow.tests.LoginNegativeTests" name="loginWithInvalidPasswordTest" time="21.074"/>
  <testcase classname="com.foodnow.tests.LoginNegativeTests" name="loginWithEmptyPasswordTest" time="9.235"/>
</testsuite> <!-- com.foodnow.tests.LoginNegativeTests -->
